[ 2026-07-06 14:08:49,868 ] 1025 httpx - INFO - HTTP Request: GET https://dagshub.com/api/v1/user "HTTP/1.1 200 OK"
[ 2026-07-06 14:08:49,884 ] 107 dagshub - INFO - Accessing as mhilmy10
[ 2026-07-06 14:08:50,671 ] 1025 httpx - INFO - HTTP Request: GET https://dagshub.com/api/v1/repos/mhilmy10/Credit-Risk-MLOps-Portofolio "HTTP/1.1 200 OK"
[ 2026-07-06 14:08:51,391 ] 1025 httpx - INFO - HTTP Request: GET https://dagshub.com/api/v1/user "HTTP/1.1 200 OK"
[ 2026-07-06 14:08:51,394 ] 107 dagshub - INFO - Initialized MLflow to track repo "mhilmy10/Credit-Risk-MLOps-Portofolio"
[ 2026-07-06 14:08:51,395 ] 107 dagshub - INFO - Repository mhilmy10/Credit-Risk-MLOps-Portofolio initialized!
[ 2026-07-06 14:08:51,395 ] 18 root - INFO - Iniating Data Ingestion Process
[ 2026-07-06 14:09:00,448 ] 51 root - INFO - Creating directory at Artifacts/07_06_2026_14_08_45/data_ingestion/feature_store
[ 2026-07-06 14:09:00,521 ] 55 root - INFO - Data exported to feature store at Artifacts/07_06_2026_14_08_45/data_ingestion/feature_store
[ 2026-07-06 14:09:00,525 ] 67 root - INFO - Train set shape: (24435, 12), Test set shape: (8146, 12)
[ 2026-07-06 14:09:00,525 ] 69 root - INFO - Creating train test directory at Artifacts/07_06_2026_14_08_45/data_ingestion/ingested
[ 2026-07-06 14:09:00,599 ] 74 root - INFO - Train and Test data saved at Artifacts/07_06_2026_14_08_45/data_ingestion/ingested/train.csv and Artifacts/07_06_2026_14_08_45/data_ingestion/ingested/test.csv
[ 2026-07-06 14:09:00,600 ] 89 root - INFO - Data Ingestion Artifact: DataIngestionArtifact(trained_file_path='Artifacts/07_06_2026_14_08_45/data_ingestion/ingested/train.csv', test_file_path='Artifacts/07_06_2026_14_08_45/data_ingestion/ingested/test.csv')
[ 2026-07-06 14:09:00,603 ] 21 root - INFO - Data Ingestion Artifact Completed
[ 2026-07-06 14:09:00,604 ] 25 root - INFO - Iniating Data Validation Process
[ 2026-07-06 14:09:00,604 ] 89 root - INFO - Reading training and testing data
[ 2026-07-06 14:09:00,625 ] 93 root - INFO - Data Cleansing Process
[ 2026-07-06 14:09:00,629 ] 33 root - INFO - Data Frame Shape Before Cleansing : 24435
[ 2026-07-06 14:09:00,629 ] 34 root - INFO - Missing Values :person_age                       0
person_income                    0
person_home_ownership            0
person_emp_length              678
loan_intent                      0
loan_grade                       0
loan_amnt                        0
loan_int_rate                 2308
loan_status                      0
loan_percent_income              0
cb_person_default_on_file        0
cb_person_cred_hist_length       0
dtype: int64
[ 2026-07-06 14:09:00,644 ] 41 root - INFO - Duplicate removed : 103
[ 2026-07-06 14:09:00,645 ] 42 root - INFO - Missing Values After Cleansing : person_age                      0
person_income                   0
person_home_ownership           0
person_emp_length             673
loan_intent                     0
loan_grade                      0
loan_amnt                       0
loan_int_rate                   0
loan_status                     0
loan_percent_income             0
cb_person_default_on_file       0
cb_person_cred_hist_length      0
dtype: int64
[ 2026-07-06 14:09:00,646 ] 33 root - INFO - Data Frame Shape Before Cleansing : 8146
[ 2026-07-06 14:09:00,646 ] 34 root - INFO - Missing Values :person_age                      0
person_income                   0
person_home_ownership           0
person_emp_length             217
loan_intent                     0
loan_grade                      0
loan_amnt                       0
loan_int_rate                 808
loan_status                     0
loan_percent_income             0
cb_person_default_on_file       0
cb_person_cred_hist_length      0
dtype: int64
[ 2026-07-06 14:09:00,650 ] 41 root - INFO - Duplicate removed : 9
[ 2026-07-06 14:09:00,650 ] 42 root - INFO - Missing Values After Cleansing : person_age                      0
person_income                   0
person_home_ownership           0
person_emp_length             217
loan_intent                     0
loan_grade                      0
loan_amnt                       0
loan_int_rate                   0
loan_status                     0
loan_percent_income             0
cb_person_default_on_file       0
cb_person_cred_hist_length      0
dtype: int64
[ 2026-07-06 14:09:00,650 ] 97 root - INFO - Validating training and testing data schema
[ 2026-07-06 14:09:00,650 ] 50 root - INFO - Expected number of columns: 12
[ 2026-07-06 14:09:00,650 ] 51 root - INFO - Actual number of columns: 12
[ 2026-07-06 14:09:00,650 ] 50 root - INFO - Expected number of columns: 12
[ 2026-07-06 14:09:00,650 ] 51 root - INFO - Actual number of columns: 12
[ 2026-07-06 14:09:00,650 ] 105 root - INFO - Detecting data drift between training and testing data
[ 2026-07-06 14:09:00,744 ] 111 root - INFO - Data validation completed successfully
[ 2026-07-06 14:09:00,744 ] 27 root - INFO - Data Validation Artifact Completed
[ 2026-07-06 14:09:00,745 ] 32 root - INFO - Iniating Data Transformation Process
[ 2026-07-06 14:09:00,745 ] 56 root - INFO - Starting data transformation process
[ 2026-07-06 14:09:01,512 ] 87 root - INFO - Data transformation process completed successfully
[ 2026-07-06 14:09:01,512 ] 88 root - INFO - Data transformation artifact: DataTransformationArtifact(transformed_train_file_path='Artifacts/07_06_2026_14_08_45/data_transformation/transformed/train.npy', transformed_test_file_path='Artifacts/07_06_2026_14_08_45/data_transformation/transformed/test.npy', transformed_object_file_path='Artifacts/07_06_2026_14_08_45/data_transformation/transformed_object/preprocessing.pkl')
[ 2026-07-06 14:09:01,514 ] 34 root - INFO - Data Transformation Artifact Completed
[ 2026-07-06 14:09:01,514 ] 39 root - INFO - Iniating Model Trainer Process
[ 2026-07-06 14:09:03,373 ] 78 root - INFO - Best Model Found, Model Name: LogisticRegression, Accuracy Score: 1.0, Classification Train Metric: ModelEvaluationArtifact(f1_score=1.0, precision_score=1.0, recall_score=1.0, roc_auc=1.0, gini=1.0), Classification Test Metric: ModelEvaluationArtifact(f1_score=1.0, precision_score=1.0, recall_score=1.0, roc_auc=1.0, gini=1.0)
[ 2026-07-06 14:09:30,645 ] 96 root - INFO - Model Trainer Artifact: ModelTrainerArtifact(trained_model_file_path='Artifacts/07_06_2026_14_08_45/model_trainer/trained_model/model.pkl', train_metric_artifact=ModelEvaluationArtifact(f1_score=1.0, precision_score=1.0, recall_score=1.0, roc_auc=1.0, gini=1.0), test_metric_artifact=ModelEvaluationArtifact(f1_score=1.0, precision_score=1.0, recall_score=1.0, roc_auc=1.0, gini=1.0))
[ 2026-07-06 14:09:30,646 ] 41 root - INFO - Model Trainer Artifact Completed
