[ 2026-07-06 14:38:15,346 ] 1025 httpx - INFO - HTTP Request: GET https://dagshub.com/api/v1/user "HTTP/1.1 200 OK"
[ 2026-07-06 14:38:15,358 ] 107 dagshub - INFO - Accessing as mhilmy10
[ 2026-07-06 14:38:16,166 ] 1025 httpx - INFO - HTTP Request: GET https://dagshub.com/api/v1/repos/mhilmy10/Credit-Risk-MLOps-Portofolio "HTTP/1.1 200 OK"
[ 2026-07-06 14:38:16,982 ] 1025 httpx - INFO - HTTP Request: GET https://dagshub.com/api/v1/user "HTTP/1.1 200 OK"
[ 2026-07-06 14:38:16,983 ] 107 dagshub - INFO - Initialized MLflow to track repo "mhilmy10/Credit-Risk-MLOps-Portofolio"
[ 2026-07-06 14:38:16,983 ] 107 dagshub - INFO - Repository mhilmy10/Credit-Risk-MLOps-Portofolio initialized!
[ 2026-07-06 14:38:16,984 ] 18 root - INFO - Iniating Data Ingestion Process
[ 2026-07-06 14:38:25,578 ] 51 root - INFO - Creating directory at Artifacts/07_06_2026_14_38_11/data_ingestion/feature_store
[ 2026-07-06 14:38:25,648 ] 55 root - INFO - Data exported to feature store at Artifacts/07_06_2026_14_38_11/data_ingestion/feature_store
[ 2026-07-06 14:38:25,652 ] 67 root - INFO - Train set shape: (24435, 12), Test set shape: (8146, 12)
[ 2026-07-06 14:38:25,652 ] 69 root - INFO - Creating train test directory at Artifacts/07_06_2026_14_38_11/data_ingestion/ingested
[ 2026-07-06 14:38:25,721 ] 74 root - INFO - Train and Test data saved at Artifacts/07_06_2026_14_38_11/data_ingestion/ingested/train.csv and Artifacts/07_06_2026_14_38_11/data_ingestion/ingested/test.csv
[ 2026-07-06 14:38:25,721 ] 89 root - INFO - Data Ingestion Artifact: DataIngestionArtifact(trained_file_path='Artifacts/07_06_2026_14_38_11/data_ingestion/ingested/train.csv', test_file_path='Artifacts/07_06_2026_14_38_11/data_ingestion/ingested/test.csv')
[ 2026-07-06 14:38:25,724 ] 21 root - INFO - Data Ingestion Artifact Completed
[ 2026-07-06 14:38:25,725 ] 25 root - INFO - Iniating Data Validation Process
[ 2026-07-06 14:38:25,726 ] 89 root - INFO - Reading training and testing data
[ 2026-07-06 14:38:25,749 ] 93 root - INFO - Data Cleansing Process
[ 2026-07-06 14:38:25,752 ] 33 root - INFO - Data Frame Shape Before Cleansing : 24435
[ 2026-07-06 14:38:25,753 ] 34 root - INFO - Missing Values :person_age                       0
person_income                    0
person_home_ownership            0
person_emp_length              678
loan_intent                      0
loan_grade                       0
loan_amnt                        0
loan_int_rate                 2308
loan_status                      0
loan_percent_income              0
cb_person_default_on_file        0
cb_person_cred_hist_length       0
dtype: int64
[ 2026-07-06 14:38:25,768 ] 41 root - INFO - Duplicate removed : 104
[ 2026-07-06 14:38:25,768 ] 42 root - INFO - Missing Values After Cleansing : person_age                      0
person_income                   0
person_home_ownership           0
person_emp_length             673
loan_intent                     0
loan_grade                      0
loan_amnt                       0
loan_int_rate                   0
loan_status                     0
loan_percent_income             0
cb_person_default_on_file       0
cb_person_cred_hist_length      0
dtype: int64
[ 2026-07-06 14:38:25,769 ] 33 root - INFO - Data Frame Shape Before Cleansing : 8146
[ 2026-07-06 14:38:25,769 ] 34 root - INFO - Missing Values :person_age                      0
person_income                   0
person_home_ownership           0
person_emp_length             217
loan_intent                     0
loan_grade                      0
loan_amnt                       0
loan_int_rate                 808
loan_status                     0
loan_percent_income             0
cb_person_default_on_file       0
cb_person_cred_hist_length      0
dtype: int64
[ 2026-07-06 14:38:25,773 ] 41 root - INFO - Duplicate removed : 10
[ 2026-07-06 14:38:25,773 ] 42 root - INFO - Missing Values After Cleansing : person_age                      0
person_income                   0
person_home_ownership           0
person_emp_length             217
loan_intent                     0
loan_grade                      0
loan_amnt                       0
loan_int_rate                   0
loan_status                     0
loan_percent_income             0
cb_person_default_on_file       0
cb_person_cred_hist_length      0
dtype: int64
[ 2026-07-06 14:38:25,773 ] 97 root - INFO - Validating training and testing data schema
[ 2026-07-06 14:38:25,773 ] 50 root - INFO - Expected number of columns: 12
[ 2026-07-06 14:38:25,773 ] 51 root - INFO - Actual number of columns: 12
[ 2026-07-06 14:38:25,773 ] 50 root - INFO - Expected number of columns: 12
[ 2026-07-06 14:38:25,773 ] 51 root - INFO - Actual number of columns: 12
[ 2026-07-06 14:38:25,774 ] 105 root - INFO - Detecting data drift between training and testing data
[ 2026-07-06 14:38:25,865 ] 111 root - INFO - Data validation completed successfully
[ 2026-07-06 14:38:25,865 ] 27 root - INFO - Data Validation Artifact Completed
[ 2026-07-06 14:38:25,865 ] 32 root - INFO - Iniating Data Transformation Process
[ 2026-07-06 14:38:25,865 ] 56 root - INFO - Starting data transformation process
[ 2026-07-06 14:38:26,465 ] 90 root - INFO - Data transformation process completed successfully
[ 2026-07-06 14:38:26,465 ] 91 root - INFO - Data transformation artifact: DataTransformationArtifact(transformed_train_file_path='Artifacts/07_06_2026_14_38_11/data_transformation/transformed/train.npy', transformed_test_file_path='Artifacts/07_06_2026_14_38_11/data_transformation/transformed/test.npy', transformed_object_file_path='Artifacts/07_06_2026_14_38_11/data_transformation/transformed_object/preprocessing.pkl')
[ 2026-07-06 14:38:26,467 ] 34 root - INFO - Data Transformation Artifact Completed
[ 2026-07-06 14:38:26,467 ] 39 root - INFO - Iniating Model Trainer Process
[ 2026-07-06 14:38:51,069 ] 80 root - INFO - Best Model Found, Model Name: RandomForest, Accuracy Score: 0.8586639576068751, Classification Train Metric: ModelEvaluationArtifact(f1_score=0.9999052761201099, precision_score=1.0, recall_score=0.999810570183747, roc_auc=0.9999052850918735, gini=0.999810570183747), Classification Test Metric: ModelEvaluationArtifact(f1_score=0.8298545224541429, precision_score=0.9740163325909429, recall_score=0.7228650137741047, roc_auc=0.8586639576068751, gini=0.7173279152137502)
[ 2026-07-06 14:40:11,550 ] 98 root - INFO - Model Trainer Artifact: ModelTrainerArtifact(trained_model_file_path='Artifacts/07_06_2026_14_38_11/model_trainer/trained_model/model.pkl', train_metric_artifact=ModelEvaluationArtifact(f1_score=0.9999052761201099, precision_score=1.0, recall_score=0.999810570183747, roc_auc=0.9999052850918735, gini=0.999810570183747), test_metric_artifact=ModelEvaluationArtifact(f1_score=0.8298545224541429, precision_score=0.9740163325909429, recall_score=0.7228650137741047, roc_auc=0.8586639576068751, gini=0.7173279152137502))
[ 2026-07-06 14:40:11,553 ] 41 root - INFO - Model Trainer Artifact Completed
